<?xml version="1.0" encoding="UTF-8"?>
<testsuite xmlns:xsi="http://www.w3.org/2001/XMLSchema-instance" xsi:noNamespaceSchemaLocation="https://maven.apache.org/surefire/maven-surefire-plugin/xsd/surefire-test-report-3.0.xsd" version="3.0" name="com.ldbbank.autodebit_svc.AutoDebitApplicationTests" time="4.747" tests="1" errors="0" skipped="0" failures="0">
  <properties>
[...]
</properties>
  <testcase name="contextLoads" classname="com.ldbbank.autodebit_svc.AutoDebitApplicationTests" time="0.531">
    <system-out><![CDATA[14:43:42.422 [main] INFO org.springframework.test.context.support.AnnotationConfigContextLoaderUtils -- Could not detect default configuration classes for test class [com.ldbbank.autodebit_svc.AutoDebitApplicationTests]: AutoDebitApplicationTests does not declare any static, non-private, non-final, nested classes annotated with @Configuration.
14:43:42.501 [main] INFO org.springframework.boot.test.context.SpringBootTestContextBootstrapper -- Found @SpringBootConfiguration com.ldbbank.autodebit_svc.AutoDebitApplication for test class com.ldbbank.autodebit_svc.AutoDebitApplicationTests

  .   ____          _            __ _ _
 /\\ / ___'_ __ _ _(_)_ __  __ _ \ \ \ \
( ( )\___ | '_ | '_| | '_ \/ _` | \ \ \ \
 \\/  ___)| |_)| | | | | || (_| |  ) ) ) )
  '  |____| .__|_| |_|_| |_\__, | / / / /
 =========|_|==============|___/=/_/_/_/
 :: Spring Boot ::                (v3.2.2)

2026-06-12T14:43:43.020+07:00  INFO 77076 --- [           main] c.l.a.AutoDebitApplicationTests          : Starting AutoDebitApplicationTests using Java 17.0.18 with PID 77076 (started by Administrator in D:\project-ldb-auto-debit-2026\auto-debit-api\autodebit_svc)
2026-06-12T14:43:43.021+07:00  INFO 77076 --- [           main] c.l.a.AutoDebitApplicationTests          : The following 1 profile is active: "prod"
2026-06-12T14:43:43.473+07:00  INFO 77076 --- [           main] .s.d.r.c.RepositoryConfigurationDelegate : Bootstrapping Spring Data JPA repositories in DEFAULT mode.
2026-06-12T14:43:43.482+07:00  INFO 77076 --- [           main] .s.d.r.c.RepositoryConfigurationDelegate : Finished Spring Data repository scanning in 3 ms. Found 0 JPA repository interfaces.
2026-06-12T14:43:43.824+07:00  INFO 77076 --- [           main] o.s.cloud.context.scope.GenericScope     : BeanFactory id=73e6df65-8ff0-3fe2-a3ff-f1030ca0ecfa
2026-06-12T14:43:44.172+07:00  INFO 77076 --- [           main] o.hibernate.jpa.internal.util.LogHelper  : HHH000204: Processing PersistenceUnitInfo [name: primary]
2026-06-12T14:43:44.235+07:00  INFO 77076 --- [           main] org.hibernate.Version                    : HHH000412: Hibernate ORM core version 6.4.1.Final
2026-06-12T14:43:44.267+07:00  INFO 77076 --- [           main] o.h.c.internal.RegionFactoryInitiator    : HHH000026: Second-level cache disabled
2026-06-12T14:43:44.527+07:00  INFO 77076 --- [           main] o.s.o.j.p.SpringPersistenceUnitInfo      : No LoadTimeWeaver setup: ignoring JPA class transformer
2026-06-12T14:43:44.554+07:00  INFO 77076 --- [           main] com.zaxxer.hikari.HikariDataSource       : HikariPool-1 - Starting...
2026-06-12T14:43:44.851+07:00  INFO 77076 --- [           main] com.zaxxer.hikari.pool.HikariPool        : HikariPool-1 - Added connection oracle.jdbc.driver.T4CConnection@66f2ec1c
2026-06-12T14:43:44.853+07:00  INFO 77076 --- [           main] com.zaxxer.hikari.HikariDataSource       : HikariPool-1 - Start completed.
2026-06-12T14:43:45.235+07:00  INFO 77076 --- [           main] o.h.e.t.j.p.i.JtaPlatformInitiator       : HHH000489: No JTA platform available (set 'hibernate.transaction.jta.platform' to enable JTA platform integration)
2026-06-12T14:43:45.238+07:00  INFO 77076 --- [           main] j.LocalContainerEntityManagerFactoryBean : Initialized JPA EntityManagerFactory for persistence unit 'primary'
2026-06-12T14:43:45.628+07:00  WARN 77076 --- [           main] JpaBaseConfiguration$JpaWebConfiguration : spring.jpa.open-in-view is enabled by default. Therefore, database queries may be performed during view rendering. Explicitly configure spring.jpa.open-in-view to disable this warning
2026-06-12T14:43:46.477+07:00  INFO 77076 --- [           main] c.l.a.AutoDebitApplicationTests          : Started AutoDebitApplicationTests in 3.789 seconds (process running for 4.609)
]]></system-out>
    <system-err><![CDATA[SLF4J(W): Class path contains multiple SLF4J providers.
SLF4J(W): Found provider [ch.qos.logback.classic.spi.LogbackServiceProvider@6c40365c]
SLF4J(W): Found provider [org.apache.logging.slf4j.SLF4JServiceProvider@7bedc48a]
SLF4J(W): See https://www.slf4j.org/codes.html#multiple_bindings for an explanation.
SLF4J(I): Actual provider is of type [ch.qos.logback.classic.spi.LogbackServiceProvider@6c40365c]
]]></system-err>
  </testcase>
</testsuite>